Base path: 'C:/Program Files/Unity/Editor/Data', plugins path 'C:/Program Files/Unity/Editor/Data/PlaybackEngines'
Cmd: initializeCompiler
Cmd: compileComputeKernel
  api=4 insize=775 outsize=12420 ok=1
Cmd: compileComputeKernel
  api=4 insize=958 outsize=1465 ok=1
Cmd: compileComputeKernel
  api=4 insize=958 outsize=1905 ok=1
Cmd: compileComputeKernel
  api=4 insize=958 outsize=1499 ok=1
Cmd: compileComputeKernel
  api=4 insize=958 outsize=1616 ok=1
Cmd: compileComputeKernel
  api=4 insize=2847 outsize=3554 ok=1
Cmd: compileComputeKernel
  api=4 insize=222 outsize=628 ok=1
Cmd: compileComputeKernel
  api=4 insize=222 outsize=769 ok=1
Cmd: compileComputeKernel
  api=4 insize=759 outsize=711 ok=1
Cmd: compileComputeKernel
  api=4 insize=759 outsize=1094 ok=1
Cmd: compileComputeKernel
  api=4 insize=759 outsize=854 ok=1
Cmd: compileComputeKernel
  api=4 insize=759 outsize=777 ok=1
Cmd: compileComputeKernel
  api=4 insize=759 outsize=777 ok=1
Cmd: compileComputeKernel
  api=4 insize=759 outsize=1134 ok=1
Cmd: compileComputeKernel
  api=4 insize=3405 outsize=22181 ok=1
Cmd: compileComputeKernel
  api=4 insize=3405 outsize=35257 ok=1
Cmd: compileComputeKernel
  api=4 insize=3405 outsize=35914 ok=1
Cmd: compileComputeKernel
  api=4 insize=13751 outsize=1499 ok=1
Cmd: compileComputeKernel
  api=4 insize=13751 outsize=1027 ok=1
Cmd: compileComputeKernel
  api=4 insize=13751 outsize=1863 ok=1
Cmd: compileComputeKernel
  api=4 insize=13751 outsize=1579 ok=1
Cmd: compileComputeKernel
  api=4 insize=13751 outsize=2218 ok=1
Cmd: compileComputeKernel
  api=4 insize=20570 outsize=13948 ok=1
Cmd: compileComputeKernel
  api=4 insize=20570 outsize=14148 ok=1
Cmd: compileComputeKernel
  api=4 insize=82071 outsize=1532 ok=1
Cmd: compileComputeKernel
  api=4 insize=82071 outsize=2850 ok=1
Cmd: compileComputeKernel
  api=4 insize=82071 outsize=10239 ok=1
Cmd: compileComputeKernel
  api=4 insize=82071 outsize=2631 ok=1
Cmd: compileComputeKernel
  api=4 insize=82071 outsize=1634 ok=1
Cmd: compileComputeKernel
  api=4 insize=82071 outsize=2634 ok=1
Cmd: compileComputeKernel
  api=4 insize=82071 outsize=1489 ok=1
Cmd: compileComputeKernel
  api=4 insize=82071 outsize=2041 ok=1
Cmd: compileComputeKernel
  api=4 insize=82071 outsize=1335 ok=1
Cmd: compileComputeKernel
  api=4 insize=82071 outsize=1647 ok=1
Cmd: compileComputeKernel
  api=4 insize=82071 outsize=3271 ok=1
Cmd: compileComputeKernel
  api=4 insize=82071 outsize=3412 ok=1
Cmd: compileComputeKernel
  api=4 insize=82071 outsize=3375 ok=1
Cmd: compileComputeKernel
  api=4 insize=82071 outsize=3372 ok=1
Cmd: compileComputeKernel
  api=4 insize=82071 outsize=3373 ok=1
Cmd: compileComputeKernel
  api=4 insize=82071 outsize=1843 ok=1
Cmd: compileComputeKernel
  api=4 insize=82071 outsize=1894 ok=1
Cmd: compileComputeKernel
  api=4 insize=82071 outsize=3480 ok=1
Cmd: compileComputeKernel
  api=4 insize=82071 outsize=3409 ok=1
Cmd: compileComputeKernel
  api=4 insize=82071 outsize=3447 ok=1
Cmd: compileComputeKernel
  api=4 insize=82071 outsize=4872 ok=1
Cmd: compileComputeKernel
  api=4 insize=82071 outsize=3399 ok=1
Cmd: compileComputeKernel
  api=4 insize=82071 outsize=3865 ok=1
Cmd: compileComputeKernel
  api=4 insize=82071 outsize=3485 ok=1
Cmd: compileComputeKernel
  api=4 insize=82071 outsize=3485 ok=1
Cmd: compileComputeKernel
  api=4 insize=82071 outsize=3489 ok=1
Cmd: compileComputeKernel
  api=4 insize=82071 outsize=3468 ok=1
Cmd: compileComputeKernel
  api=4 insize=82071 outsize=3472 ok=1
Cmd: compileComputeKernel
  api=4 insize=82071 outsize=3475 ok=1
Cmd: compileComputeKernel
  api=4 insize=82071 outsize=1364 ok=1
Cmd: compileComputeKernel
  api=4 insize=82071 outsize=1580 ok=1
Cmd: compileComputeKernel
  api=4 insize=82071 outsize=5039 ok=1
Cmd: compileComputeKernel
  api=4 insize=82071 outsize=5039 ok=1
Cmd: compileComputeKernel
  api=4 insize=82071 outsize=5479 ok=1
Cmd: compileComputeKernel
  api=4 insize=82071 outsize=5194 ok=1
Cmd: compileComputeKernel
  api=4 insize=82071 outsize=5076 ok=1
Cmd: compileComputeKernel
  api=4 insize=82071 outsize=5073 ok=1
Cmd: compileComputeKernel
  api=4 insize=82071 outsize=5217 ok=1
Cmd: compileComputeKernel
  api=4 insize=82071 outsize=5218 ok=1
Cmd: compileComputeKernel
  api=4 insize=82071 outsize=3460 ok=1
Cmd: compileComputeKernel
  api=4 insize=82071 outsize=3554 ok=1
Cmd: compileComputeKernel
  api=4 insize=82071 outsize=3574 ok=1
Cmd: compileComputeKernel
  api=4 insize=82071 outsize=3429 ok=1
Cmd: compileComputeKernel
  api=4 insize=82071 outsize=3430 ok=1
Cmd: compileComputeKernel
  api=4 insize=82071 outsize=2210 ok=1
Cmd: compileComputeKernel
  api=4 insize=82071 outsize=1680 ok=1
Cmd: compileComputeKernel
  api=4 insize=82071 outsize=3761 ok=1
Cmd: compileComputeKernel
  api=4 insize=82071 outsize=923 ok=1
Cmd: compileComputeKernel
  api=4 insize=82071 outsize=2266 ok=1
Cmd: compileComputeKernel
  api=4 insize=82071 outsize=1927 ok=1
Cmd: compileComputeKernel
  api=4 insize=82071 outsize=3638 ok=1
Cmd: compileComputeKernel
  api=4 insize=82071 outsize=4571 ok=1
Cmd: compileComputeKernel
  api=4 insize=467 outsize=3291 ok=1
Cmd: compileComputeKernel
  api=4 insize=467 outsize=5893 ok=1
Cmd: compileComputeKernel
  api=4 insize=11929 outsize=2375 ok=1
Cmd: compileComputeKernel
  api=4 insize=11929 outsize=2916 ok=1
Cmd: compileComputeKernel
  api=4 insize=11929 outsize=2246 ok=1
Cmd: compileComputeKernel
  api=4 insize=11929 outsize=2340 ok=1
Cmd: compileComputeKernel
  api=4 insize=11929 outsize=2884 ok=1
Cmd: compileComputeKernel
  api=4 insize=4458 outsize=2265 ok=1
Cmd: compileComputeKernel
  api=4 insize=4458 outsize=3836 ok=1
Cmd: compileComputeKernel
  api=4 insize=18478 outsize=43064 ok=1
Cmd: compileComputeKernel
  api=4 insize=76455 outsize=2756 ok=1
Cmd: compileComputeKernel
  api=4 insize=76455 outsize=5015 ok=1
Cmd: compileComputeKernel
  api=4 insize=76455 outsize=5741 ok=1
Cmd: compileComputeKernel
  api=4 insize=467 outsize=2137 ok=1
Cmd: compileComputeKernel
  api=4 insize=467 outsize=3140 ok=1
Cmd: compileComputeKernel
  api=4 insize=13363 outsize=11279 ok=1
Cmd: compileComputeKernel
  api=4 insize=13363 outsize=10489 ok=1
Cmd: compileComputeKernel
  api=4 insize=958 outsize=1469 ok=1
Cmd: compileComputeKernel
  api=4 insize=958 outsize=1465 ok=1
Cmd: compileComputeKernel
  api=4 insize=958 outsize=1497 ok=1
Cmd: compileComputeKernel
  api=4 insize=958 outsize=1611 ok=1
Cmd: compileComputeKernel
  api=4 insize=3167 outsize=2302 ok=1
Cmd: compileComputeKernel
  api=4 insize=776 outsize=4420 ok=1
Cmd: compileComputeKernel
  api=4 insize=776 outsize=9765 ok=1
Cmd: compileComputeKernel
  api=4 insize=10641 outsize=677 ok=1
Cmd: compileComputeKernel
  api=4 insize=10641 outsize=629 ok=1
Cmd: compileComputeKernel
  api=4 insize=10641 outsize=769 ok=1
Cmd: compileComputeKernel
  api=4 insize=10641 outsize=675 ok=1
Cmd: compileComputeKernel
  api=4 insize=10641 outsize=1157 ok=1
Cmd: compileComputeKernel
  api=4 insize=10641 outsize=855 ok=1
Cmd: compileComputeKernel
  api=4 insize=10641 outsize=677 ok=1
Cmd: compileComputeKernel
  api=4 insize=10641 outsize=796 ok=1
Cmd: compileComputeKernel
  api=4 insize=10641 outsize=716 ok=1
Cmd: compileComputeKernel
  api=4 insize=10641 outsize=798 ok=1
Cmd: compileComputeKernel
  api=4 insize=10641 outsize=787 ok=1
Cmd: compileComputeKernel
  api=4 insize=10641 outsize=1018 ok=1
Cmd: compileComputeKernel
  api=4 insize=10641 outsize=847 ok=1
Cmd: compileComputeKernel
  api=4 insize=10641 outsize=1313 ok=1
Cmd: compileComputeKernel
  api=4 insize=10641 outsize=886 ok=1
Cmd: compileComputeKernel
  api=4 insize=10641 outsize=838 ok=1
Cmd: compileComputeKernel
  api=4 insize=10641 outsize=772 ok=1
Cmd: compileComputeKernel
  api=4 insize=10641 outsize=709 ok=1
Cmd: compileComputeKernel
  api=4 insize=10641 outsize=1292 ok=1
Cmd: compileComputeKernel
  api=4 insize=10641 outsize=1321 ok=1
Cmd: compileComputeKernel
  api=4 insize=10641 outsize=1796 ok=1
Cmd: compileComputeKernel
  api=4 insize=10641 outsize=1547 ok=1
Cmd: compileComputeKernel
  api=4 insize=10641 outsize=1520 ok=1
Cmd: compileComputeKernel
  api=4 insize=10641 outsize=1369 ok=1
Cmd: compileComputeKernel
  api=4 insize=10641 outsize=1369 ok=1
Cmd: compileComputeKernel
  api=4 insize=10641 outsize=1363 ok=1
Cmd: compileComputeKernel
  api=4 insize=10641 outsize=1402 ok=1
Cmd: compileComputeKernel
  api=4 insize=10641 outsize=1296 ok=1
Cmd: compileComputeKernel
  api=4 insize=10641 outsize=1248 ok=1
Cmd: compileComputeKernel
  api=4 insize=10641 outsize=1248 ok=1
Cmd: compileComputeKernel
  api=4 insize=10641 outsize=1221 ok=1
Cmd: compileComputeKernel
  api=4 insize=10641 outsize=1346 ok=1
Cmd: compileComputeKernel
  api=4 insize=10641 outsize=1830 ok=1
Cmd: compileComputeKernel
  api=4 insize=10641 outsize=1364 ok=1
Cmd: compileComputeKernel
  api=4 insize=10641 outsize=1533 ok=1
Cmd: compileComputeKernel
  api=4 insize=10641 outsize=1397 ok=1
Cmd: compileComputeKernel
  api=4 insize=10641 outsize=1605 ok=1
Cmd: compileComputeKernel
  api=4 insize=10641 outsize=1374 ok=1
Cmd: compileComputeKernel
  api=4 insize=10641 outsize=1765 ok=1
Cmd: compileComputeKernel
  api=4 insize=10641 outsize=1338 ok=1
Cmd: compileComputeKernel
  api=4 insize=10641 outsize=1287 ok=1
Cmd: compileComputeKernel
  api=4 insize=10641 outsize=1380 ok=1
Cmd: compileComputeKernel
  api=4 insize=10641 outsize=1264 ok=1
Cmd: compileComputeKernel
  api=4 insize=10641 outsize=1384 ok=1
Cmd: compileComputeKernel
  api=4 insize=10641 outsize=1319 ok=1
Cmd: compileComputeKernel
  api=4 insize=4442 outsize=1449 ok=1
Cmd: compileComputeKernel
  api=4 insize=4442 outsize=1684 ok=1
Unhandled exception: Read from shader compiler process failed: error -2147483644, 0/4 bytes read

Quitting shader compiler process
